[debug] ----------------------------------------------------------------------
[debug] Command:      C:\Program Files\nodejs\node.exe C:\Users\Max\AppData\Roaming\npm\node_modules\firebase-tools\bin\firebase serve
[debug] CLI Version:  3.0.8
[debug] Platform:     win32
[debug] Node Version: v4.4.4
[debug] Time:         Thu Oct 27 2016 11:28:00 GMT+0900 (Japanische Normalzeit)
[debug] ----------------------------------------------------------------------
[debug] 
[info] Starting Firebase development server...
[info] 
[info] Project Directory: C:\Users\Max\Google Drive\Tippspiel Saison 2014\Panico_htmlonly
[info] Public Directory: /
[info] 
[info] Server listening at: http://localhost:5000
[debug] ----------------------------------------------------------------------
[debug] Command:      C:\Program Files\nodejs\node.exe C:\Users\Max\AppData\Roaming\npm\node_modules\firebase-tools\bin\firebase serve
[debug] CLI Version:  3.0.8
[debug] Platform:     win32
[debug] Node Version: v4.4.4
[debug] Time:         Mon Oct 31 2016 11:40:13 GMT+0900 (Japanische Normalzeit)
[debug] ----------------------------------------------------------------------
[debug] 
[info] Starting Firebase development server...
[info] 
[info] Project Directory: C:\Users\Max\Google Drive\Tippspiel Saison 2014\Panico_htmlonly
[info] Public Directory: /
[info] 
[info] Server listening at: http://localhost:5000
[debug] ----------------------------------------------------------------------
[debug] Command:      C:\Program Files\nodejs\node.exe C:\Users\Max\AppData\Roaming\npm\node_modules\firebase-tools\bin\firebase serve
[debug] CLI Version:  3.0.8
[debug] Platform:     win32
[debug] Node Version: v4.4.4
[debug] Time:         Tue Nov 08 2016 16:52:53 GMT+0900 (Japanische Normalzeit)
[debug] ----------------------------------------------------------------------
[debug] 
[info] Starting Firebase development server...
[info] 
[info] Project Directory: C:\Users\Max\Google Drive\Tippspiel Saison 2014\Panico_htmlonly
[info] Public Directory: /
[info] 
[info] Server listening at: http://localhost:5000
[debug] ----------------------------------------------------------------------
[debug] Command:      C:\Program Files\nodejs\node.exe C:\Users\Max\AppData\Roaming\npm\node_modules\firebase-tools\bin\firebase serve
[debug] CLI Version:  3.0.8
[debug] Platform:     win32
[debug] Node Version: v4.4.4
[debug] Time:         Thu Nov 17 2016 11:43:03 GMT+0900 (Japanische Normalzeit)
[debug] ----------------------------------------------------------------------
[debug] 
[info] Starting Firebase development server...
[info] 
[info] Project Directory: C:\Users\Max\Google Drive\Tippspiel Saison 2014\Panico_htmlonly
[info] Public Directory: /
[info] 
[info] Server listening at: http://localhost:5000
[debug] ----------------------------------------------------------------------
[debug] Command:      C:\Program Files\nodejs\node.exe C:\Users\Max\AppData\Roaming\npm\node_modules\firebase-tools\bin\firebase serve
[debug] CLI Version:  3.0.8
[debug] Platform:     win32
[debug] Node Version: v4.4.4
[debug] Time:         Sat Nov 19 2016 14:00:51 GMT+0900 (Japanische Normalzeit)
[debug] ----------------------------------------------------------------------
[debug] 
[info] Starting Firebase development server...
[info] 
[info] Project Directory: C:\Users\Max\Google Drive\Tippspiel Saison 2014\Panico_htmlonly
[info] Public Directory: /
[info] 
[info] Server listening at: http://localhost:5000
